<?xml version="1.0" encoding="utf-8"?><testsuites name="pytest tests"><testsuite name="pytest" errors="0" failures="0" skipped="0" tests="8" time="0.929" timestamp="2026-04-21T14:09:18.448637+00:00" hostname="agent-env-7f875553-8e73-4394-8a4e-13ade32e81d2"><testcase classname="tests.test_contact_api.TestRoot" name="test_root_ok" time="0.163" /><testcase classname="tests.test_contact_api.TestContactCreate" name="test_create_valid_contact" time="0.059" /><testcase classname="tests.test_contact_api.TestContactCreate" name="test_create_missing_email" time="0.047" /><testcase classname="tests.test_contact_api.TestContactCreate" name="test_create_invalid_email_format" time="0.046" /><testcase classname="tests.test_contact_api.TestContactCreate" name="test_create_empty_message" time="0.044" /><testcase classname="tests.test_contact_api.TestContactCreate" name="test_create_missing_name" time="0.050" /><testcase classname="tests.test_contact_api.TestContactCreate" name="test_create_without_phone" time="0.048" /><testcase classname="tests.test_contact_api.TestContactList" name="test_list_contacts_no_objectid" time="0.409" /></testsuite></testsuites>